2026-02-03T09:47:57.141873,10,5,3
2026-01-23T09:47:57.141945,10,1,3
2026-01-22T09:47:57.141960,10,4,3
2026-01-19T09:47:57.141968,7,1,1
2026-01-18T09:47:57.141973,3,3,3
2026-01-26T09:47:57.141978,14,4,1
2026-02-11T09:47:57.141983,4,2,2
2026-02-02T09:47:57.141989,20,2,2
2026-02-07T09:47:57.141995,1,5,2
2026-02-08T09:47:57.142001,14,1,3
2026-02-11T09:47:57.142006,9,4,1
2026-01-31T09:47:57.142011,6,5,2
2026-02-14T09:47:57.142015,8,5,1
2026-01-22T09:47:57.142019,5,1,1
2026-01-24T09:47:57.142023,18,3,1
2026-02-14T09:47:57.142027,14,4,1
2026-02-05T09:47:57.142032,6,3,2
2026-01-30T09:47:57.142037,11,5,2
2026-02-09T09:47:57.142042,8,1,2
2026-02-05T09:47:57.142046,7,4,3
2026-01-23T09:47:57.142050,1,5,2
2026-01-23T09:47:57.142054,15,2,1
2026-02-06T09:47:57.142058,10,3,2
2026-02-11T09:47:57.142063,5,2,3
2026-01-30T09:47:57.142067,8,4,1
2026-02-10T09:47:57.142072,12,5,1
2026-02-03T09:47:57.142076,16,2,2
2026-02-09T09:47:57.142081,5,1,2
2026-02-10T09:47:57.142085,9,5,1
2026-01-26T09:47:57.142090,2,4,2
2026-02-06T09:47:57.142094,10,2,1
2026-02-03T09:47:57.142098,17,2,1
2026-02-08T09:47:57.142103,19,1,3
2026-02-05T09:47:57.142108,16,1,3
2026-01-25T09:47:57.142113,7,2,3
2026-02-07T09:47:57.142118,18,2,1
2026-02-11T09:47:57.142123,16,4,2
2026-01-17T09:47:57.142128,19,4,2
2026-02-12T09:47:57.142142,18,4,3
2026-02-13T09:47:57.142147,16,5,2
2026-02-08T09:47:57.142151,19,5,3
2026-01-29T09:47:57.142156,10,3,2
2026-01-18T09:47:57.142161,17,1,3
2026-01-21T09:47:57.142165,12,1,1
2026-01-28T09:47:57.142170,3,5,3
2026-01-30T09:47:57.142174,1,2,2
2026-02-06T09:47:57.142179,11,2,3
2026-02-10T09:47:57.142183,6,1,3
2026-01-30T09:47:57.142187,13,5,1
2026-02-04T09:47:57.142192,1,3,2
2026-02-02T09:47:57.142196,10,1,3
2026-02-01T09:47:57.142200,13,4,2
2026-01-23T09:47:57.142204,13,1,3
2026-01-27T09:47:57.142209,14,5,1
2026-02-10T09:47:57.142213,10,4,1
2026-01-23T09:47:57.142218,17,5,3
2026-01-18T09:47:57.142222,14,5,1
2026-01-21T09:47:57.142227,17,2,1
2026-01-28T09:47:57.142231,13,1,1
2026-01-28T09:47:57.142235,15,3,2
2026-01-24T09:47:57.142239,2,2,3
2026-01-22T09:47:57.142243,19,5,3
2026-01-28T09:47:57.142247,20,3,2
2026-01-28T09:47:57.142251,17,1,2
2026-02-09T09:47:57.142256,4,3,2
2026-01-20T09:47:57.142261,7,1,1
2026-01-21T09:47:57.142266,3,1,1
2026-02-09T09:47:57.142270,20,3,3
2026-02-02T09:47:57.142274,6,3,3
2026-01-16T09:47:57.142278,2,1,3
2026-02-02T09:47:57.142283,10,1,3
2026-01-23T09:47:57.142287,19,1,1
2026-02-13T09:47:57.142291,7,3,3
2026-01-20T09:47:57.142296,18,1,2
2026-01-20T09:47:57.142301,17,5,3
2026-01-31T09:47:57.142305,12,3,3
2026-02-01T09:47:57.142309,18,1,3
2026-01-23T09:47:57.142315,13,5,3
2026-02-06T09:47:57.142320,13,2,3
2026-02-03T09:47:57.142324,20,3,2
2026-01-30T09:47:57.142332,2,5,3
2026-01-21T09:47:57.142336,17,1,1
2026-01-16T09:47:57.142340,14,4,3
2026-01-20T09:47:57.142345,13,5,1
2026-02-08T09:47:57.142349,16,4,3
2026-02-11T09:47:57.142353,8,1,1
2026-01-16T09:47:57.142357,5,3,2
2026-02-11T09:47:57.142362,6,3,1
2026-01-28T09:47:57.142366,4,3,2
2026-01-23T09:47:57.142371,10,4,2
2026-01-31T09:47:57.142376,5,3,2
2026-02-11T09:47:57.142380,3,1,3
2026-02-02T09:47:57.142384,12,2,3
2026-01-31T09:47:57.142388,9,1,1
2026-02-11T09:47:57.142393,14,5,2
2026-02-10T09:47:57.142397,7,3,2
2026-01-24T09:47:57.142402,14,3,2
2026-01-15T09:47:57.142406,12,2,2
2026-01-29T09:47:57.142410,19,1,2
2026-02-06T09:47:57.142414,10,1,2
2026-02-10T09:47:57.142418,15,2,2
2026-01-16T09:47:57.142422,12,4,2
2026-01-24T09:47:57.142426,5,2,1
2026-01-30T09:47:57.142430,4,5,1
2026-02-09T09:47:57.142435,19,1,1
2026-02-13T09:47:57.142439,14,5,2
2026-01-15T09:47:57.142444,18,3,2
2026-01-29T09:47:57.142448,16,5,1
2026-01-24T09:47:57.142452,20,4,1
2026-02-06T09:47:57.142455,8,4,3
2026-01-30T09:47:57.142460,3,3,3
2026-02-06T09:47:57.142465,8,5,2
2026-02-11T09:47:57.142469,20,4,2
2026-01-21T09:47:57.142475,7,1,3
2026-02-07T09:47:57.142479,11,3,1
2026-01-21T09:47:57.142483,6,3,3
2026-01-24T09:47:57.142487,7,1,2
2026-01-21T09:47:57.142490,12,5,3
2026-01-27T09:47:57.142494,17,5,1
2026-02-06T09:47:57.142499,17,1,1
2026-02-11T09:47:57.142504,9,2,2
2026-01-15T09:47:57.142508,3,3,1
2026-02-12T09:47:57.142512,5,3,1
2026-01-16T09:47:57.142519,10,1,3
2026-02-12T09:47:57.142524,7,2,3
2026-02-09T09:47:57.142528,2,5,3
2026-01-23T09:47:57.142533,11,5,3
2026-02-01T09:47:57.142538,1,5,2
2026-02-07T09:47:57.142542,16,3,3
2026-01-18T09:47:57.142548,15,3,3
2026-01-31T09:47:57.142552,2,1,1
2026-01-27T09:47:57.142557,4,3,3
2026-01-23T09:47:57.142561,19,2,1
2026-01-27T09:47:57.142566,9,4,2
2026-01-20T09:47:57.142571,11,3,2
2026-02-06T09:47:57.142575,11,5,1
2026-01-20T09:47:57.142580,9,5,3
2026-01-22T09:47:57.142584,7,1,1
2026-01-18T09:47:57.142587,10,5,3
2026-01-23T09:47:57.142592,16,3,2
2026-02-03T09:47:57.142596,15,4,3
2026-01-23T09:47:57.142601,13,1,1
2026-01-29T09:47:57.142605,18,4,2
2026-01-20T09:47:57.142610,20,1,1
2026-01-21T09:47:57.142614,16,4,1
2026-02-14T09:47:57.142619,10,3,3
2026-01-15T09:47:57.142623,14,2,1
2026-02-06T09:47:57.142628,13,3,1
2026-01-28T09:47:57.142632,7,3,3
2026-01-23T09:47:57.142637,10,4,3
2026-01-31T09:47:57.142642,12,1,1
2026-01-29T09:47:57.142647,20,1,1
2026-02-09T09:47:57.142651,20,5,1
2026-01-19T09:47:57.142655,15,5,1
2026-01-17T09:47:57.142660,2,3,3
2026-02-08T09:47:57.142664,1,4,3
2026-01-25T09:47:57.142669,13,2,2
2026-01-23T09:47:57.142673,9,4,1
2026-01-19T09:47:57.142678,10,1,2
2026-01-25T09:47:57.142682,19,4,2
2026-02-14T09:47:57.142687,6,1,3
2026-01-21T09:47:57.142692,18,4,3
2026-01-24T09:47:57.142696,19,1,1
2026-02-01T09:47:57.142701,11,5,2
2026-01-22T09:47:57.142707,19,5,1
2026-02-07T09:47:57.142711,6,5,2
2026-02-11T09:47:57.142733,19,3,2
2026-01-18T09:47:57.142739,20,4,3
2026-01-28T09:47:57.142744,8,1,3
2026-02-11T09:47:57.142748,14,4,3
2026-01-28T09:47:57.142754,12,5,2
2026-02-04T09:47:57.142758,6,1,2
2026-02-12T09:47:57.142763,20,3,3
2026-02-05T09:47:57.142768,15,4,1
2026-01-18T09:47:57.142772,5,1,3
2026-01-22T09:47:57.142778,18,4,2
2026-01-27T09:47:57.142782,1,3,1
2026-01-24T09:47:57.142787,5,5,1
2026-01-22T09:47:57.142792,10,2,3
2026-02-04T09:47:57.142797,9,4,1
2026-02-01T09:47:57.142802,7,4,2
2026-01-19T09:47:57.142807,1,5,3
2026-02-05T09:47:57.142812,10,1,3
2026-02-01T09:47:57.142817,9,4,2
2026-02-07T09:47:57.142821,5,2,3
2026-01-19T09:47:57.142826,5,4,2
2026-02-07T09:47:57.142831,4,3,3
2026-02-05T09:47:57.142836,1,2,2
2026-02-07T09:47:57.142841,20,1,1
2026-01-21T09:47:57.142846,17,4,2
2026-02-10T09:47:57.142851,16,5,2
2026-01-29T09:47:57.142856,15,1,1
2026-01-31T09:47:57.142860,4,5,1
2026-01-21T09:47:57.142866,20,2,2
2026-01-19T09:47:57.142870,6,2,1
2026-01-27T09:47:57.142875,16,4,3
2026-01-19T09:47:57.142879,4,4,3
2026-01-26T09:47:57.142883,20,1,3
2026-02-11T09:47:57.142887,9,4,1
2026-02-11T09:47:57.142891,13,3,3
2026-01-22T09:47:57.142895,6,4,3
2026-02-06T09:47:57.142902,4,3,3
2026-01-19T09:47:57.142906,9,1,3
2026-01-18T09:47:57.142910,7,3,1
2026-01-17T09:47:57.142914,20,3,2
2026-02-04T09:47:57.142919,15,1,3
2026-01-17T09:47:57.142927,13,4,1
2026-02-13T09:47:57.142932,9,4,2
2026-02-13T09:47:57.142943,18,1,2
2026-01-25T09:47:57.142948,11,4,3
2026-02-09T09:47:57.142952,7,2,1
2026-01-23T09:47:57.142957,12,5,1
2026-02-13T09:47:57.142962,13,2,3
2026-02-03T09:47:57.142966,20,4,3
2026-01-22T09:47:57.142971,10,1,1
2026-02-05T09:47:57.142976,4,2,1
2026-02-09T09:47:57.142980,6,5,3
2026-02-02T09:47:57.142984,3,1,1
2026-01-17T09:47:57.142987,9,5,3
2026-02-07T09:47:57.142991,17,4,1
2026-01-30T09:47:57.142996,12,5,2
2026-01-15T09:47:57.143000,10,4,2
2026-02-02T09:47:57.143004,16,5,1
2026-02-04T09:47:57.143008,17,4,1
2026-01-29T09:47:57.143012,8,5,2
2026-02-03T09:47:57.143017,3,2,2
2026-01-19T09:47:57.143021,15,2,3
2026-01-28T09:47:57.143047,13,3,2
2026-02-04T09:47:57.143055,8,4,1
2026-02-13T09:47:57.143060,18,3,3
2026-01-24T09:47:57.143065,12,5,3
2026-02-06T09:47:57.143069,20,3,1
2026-01-21T09:47:57.143074,15,4,2
2026-01-24T09:47:57.143079,5,4,3
2026-01-22T09:47:57.143084,16,4,2
2026-02-14T09:47:57.143088,4,1,2
2026-02-09T09:47:57.143094,17,1,3
2026-02-10T09:47:57.143099,7,1,1
2026-02-01T09:47:57.143104,8,2,1
2026-02-07T09:47:57.143109,1,1,1
2026-01-19T09:47:57.143113,5,5,1
2026-02-11T09:47:57.143118,4,2,2
2026-02-06T09:47:57.143122,9,4,1
2026-02-10T09:47:57.143127,10,1,1
2026-02-05T09:47:57.146444,6,2,1
2026-02-14T09:47:57.146493,3,3,1
2026-01-21T09:47:57.146500,13,4,1
2026-01-30T09:47:57.146506,17,5,3
2026-01-16T09:47:57.146511,18,1,1
2026-02-10T09:47:57.146516,18,4,3
2026-01-21T09:47:57.146521,7,2,1
2026-02-12T09:47:57.146526,8,1,2
2026-02-11T09:47:57.146531,9,4,3
2026-01-19T09:47:57.146536,8,2,1
2026-01-26T09:47:57.146541,16,1,1
2026-02-02T09:47:57.146547,19,5,2
2026-02-11T09:47:57.146551,18,3,3
2026-01-29T09:47:57.146556,8,1,2
2026-02-02T09:47:57.146561,7,4,3
2026-02-11T09:47:57.146566,14,2,1
2026-02-03T09:47:57.146570,6,2,1
2026-01-22T09:47:57.146575,13,4,1
2026-02-02T09:47:57.146580,12,3,2
2026-01-27T09:47:57.146584,4,5,2
2026-01-16T09:47:57.146589,5,1,2
2026-02-02T09:47:57.146593,11,2,3
2026-02-03T09:47:57.146598,4,4,3
2026-01-24T09:47:57.146603,9,5,2
2026-02-01T09:47:57.146607,20,2,2
2026-01-24T09:47:57.146612,10,1,2
2026-02-11T09:47:57.146616,13,1,3
2026-02-07T09:47:57.146620,9,1,2
2026-01-27T09:47:57.146625,16,5,2
2026-01-17T09:47:57.146629,13,3,1
2026-01-26T09:47:57.146633,15,5,1
2026-01-17T09:47:57.146638,11,3,2
2026-01-29T09:47:57.146642,18,4,2
2026-02-08T09:47:57.146648,20,5,2
2026-02-06T09:47:57.146652,4,5,3
2026-01-15T09:47:57.146657,19,1,1
2026-01-29T09:47:57.146661,17,5,2
2026-01-17T09:47:57.146666,4,4,2
2026-01-31T09:47:57.146671,14,1,3
2026-02-08T09:47:57.146675,4,3,3
2026-02-11T09:47:57.146679,4,3,2
2026-01-30T09:47:57.146684,14,4,2
2026-02-08T09:47:57.146689,13,1,2
2026-02-03T09:47:57.146694,13,2,3
2026-02-10T09:47:57.146699,18,2,3
2026-01-29T09:47:57.146703,1,1,3
2026-01-23T09:47:57.146707,9,2,1
2026-02-14T09:47:57.146712,8,2,3
2026-01-27T09:47:57.146793,14,2,3
2026-02-06T09:47:57.146799,20,5,2
2026-01-26T09:47:57.146804,17,2,3
2026-01-16T09:47:57.146810,14,2,3
2026-02-14T09:47:57.146814,1,2,1
2026-01-23T09:47:57.146819,11,5,1
2026-01-28T09:47:57.146823,8,4,3
2026-01-31T09:47:57.146828,8,4,2
2026-01-19T09:47:57.146832,11,2,2
2026-02-13T09:47:57.146853,8,2,3
2026-02-10T09:47:57.146859,3,5,3
2026-02-03T09:47:57.146864,4,5,1
2026-01-20T09:47:57.146869,4,1,3
2026-01-25T09:47:57.146874,13,4,3
2026-02-08T09:47:57.146878,12,4,3
2026-02-03T09:47:57.146882,2,5,1
2026-02-13T09:47:57.146886,17,4,1
2026-02-06T09:47:57.146892,19,4,1
2026-01-31T09:47:57.146896,5,5,3
2026-02-13T09:47:57.146901,4,5,1
2026-01-24T09:47:57.146905,6,4,1
2026-02-05T09:47:57.146909,13,1,3
2026-02-03T09:47:57.146914,6,5,2
2026-02-13T09:47:57.146918,15,4,3
2026-01-25T09:47:57.146922,5,2,2
2026-02-06T09:47:57.146926,1,2,2
2026-02-12T09:47:57.146931,18,5,2
2026-02-10T09:47:57.146935,8,1,2
2026-01-20T09:47:57.146939,18,5,1
2026-01-20T09:47:57.146946,17,5,2
2026-02-06T09:47:57.146950,13,1,3
2026-01-17T09:47:57.146955,18,2,2
2026-02-04T09:47:57.146959,5,3,2
2026-01-20T09:47:57.146964,20,4,3
2026-01-17T09:47:57.146968,12,3,2
2026-01-15T09:47:57.146973,10,5,1
2026-02-10T09:47:57.146977,4,2,2
2026-02-03T09:47:57.146981,4,2,2
2026-02-07T09:47:57.146986,2,5,3
2026-02-01T09:47:57.146990,1,5,1
2026-02-12T09:47:57.146995,16,2,1
2026-01-25T09:47:57.146999,8,3,3
2026-02-11T09:47:57.147003,16,2,2
2026-01-26T09:47:57.147008,3,4,2
2026-01-16T09:47:57.147012,12,3,2
2026-01-30T09:47:57.147017,6,2,1
2026-02-10T09:47:57.147021,3,4,2
2026-01-26T09:47:57.147026,5,2,2
2026-02-12T09:47:57.147030,14,5,1
2026-02-02T09:47:57.147034,2,1,1
2026-02-08T09:47:57.147039,4,4,3
2026-01-23T09:47:57.147043,10,5,1
2026-01-25T09:47:57.147049,9,4,2
2026-02-05T09:47:57.147053,3,3,2
2026-01-31T09:47:57.147057,20,2,1
2026-01-31T09:47:57.147061,1,3,3
2026-01-23T09:47:57.147065,15,2,2
2026-02-08T09:47:57.147070,15,1,1
2026-02-07T09:47:57.147074,16,1,1
2026-02-01T09:47:57.147079,5,1,3
2026-01-30T09:47:57.147083,18,1,3
2026-02-10T09:47:57.147088,12,5,3
2026-01-25T09:47:57.147092,9,5,1
2026-02-07T09:47:57.147097,7,2,1
2026-01-21T09:47:57.147101,13,2,2
2026-01-18T09:47:57.147105,9,2,1
2026-01-20T09:47:57.147110,4,3,3
2026-02-12T09:47:57.147114,5,4,1
2026-01-19T09:47:57.147118,12,2,1
2026-01-27T09:47:57.147123,6,4,3
2026-02-13T09:47:57.147127,16,5,1
2026-01-23T09:47:57.147131,19,5,1
2026-02-01T09:47:57.147135,12,2,3
2026-01-16T09:47:57.147139,1,2,1
2026-02-13T09:47:57.147143,11,3,3
2026-01-22T09:47:57.147148,4,3,1
2026-02-08T09:47:57.147152,9,1,3
2026-01-24T09:47:57.147157,10,4,1
2026-01-25T09:47:57.147161,7,3,2
2026-01-21T09:47:57.147165,11,2,3
2026-01-16T09:47:57.147169,2,1,1
2026-01-27T09:47:57.147174,19,5,3
2026-02-08T09:47:57.147178,15,4,2
2026-01-31T09:47:57.147182,5,2,3
2026-01-17T09:47:57.147186,10,5,3
2026-01-22T09:47:57.147191,3,4,1
2026-01-30T09:47:57.147195,3,4,3
2026-01-31T09:47:57.147199,8,1,3
2026-02-01T09:47:57.147204,2,4,1
2026-01-28T09:47:57.147208,8,2,3
2026-01-26T09:47:57.147213,18,3,3
2026-01-17T09:47:57.147217,11,5,2
2026-01-19T09:47:57.147221,20,2,3
2026-02-13T09:47:57.147226,4,3,1
2026-01-29T09:47:57.147230,17,5,3
2026-01-16T09:47:57.147234,4,4,3
2026-01-31T09:47:57.147239,19,5,3
2026-02-09T09:47:57.147244,15,4,1
2026-01-29T09:47:57.147248,7,3,3
2026-01-24T09:47:57.147252,20,3,3
2026-01-18T09:47:57.147256,7,2,2
2026-02-05T09:47:57.147261,5,4,2
2026-02-03T09:47:57.147265,10,2,1
2026-01-23T09:47:57.147270,9,1,3
2026-01-16T09:47:57.147274,9,2,3
2026-02-04T09:47:57.147278,8,5,3
2026-01-30T09:47:57.147283,18,4,2
2026-02-14T09:47:57.147287,18,4,3
2026-02-08T09:47:57.147291,15,4,1
2026-01-18T09:47:57.147295,3,2,3
2026-02-02T09:47:57.147299,20,2,2
2026-01-21T09:47:57.147304,7,4,1
2026-01-19T09:47:57.147309,5,1,1
2026-01-15T09:47:57.147313,1,3,3
2026-01-29T09:47:57.147317,11,2,2
2026-02-12T09:47:57.147321,14,1,2
2026-01-18T09:47:57.147325,4,1,2
2026-01-21T09:47:57.147330,19,5,2
2026-02-07T09:47:57.147335,1,1,1
2026-02-02T09:47:57.147340,3,5,3
2026-02-04T09:47:57.147344,8,4,2
2026-02-11T09:47:57.147348,1,3,3
2026-02-01T09:47:57.147353,12,5,2
2026-02-02T09:47:57.147357,5,2,2
2026-02-05T09:47:57.147362,9,2,1
2026-01-23T09:47:57.147366,1,4,1
2026-02-07T09:47:57.147370,12,2,3
2026-01-21T09:47:57.147375,11,3,3
2026-02-01T09:47:57.147379,20,4,3
2026-02-10T09:47:57.147383,2,2,2
2026-01-22T09:47:57.147388,9,5,1
2026-01-17T09:47:57.147392,5,2,2
2026-01-20T09:47:57.147396,19,4,1
2026-02-04T09:47:57.147401,11,4,3
2026-02-13T09:47:57.147405,1,5,1
2026-01-19T09:47:57.147409,13,2,1
2026-01-30T09:47:57.147413,6,2,3
2026-01-19T09:47:57.147417,3,1,1
2026-01-21T09:47:57.147422,15,4,3
2026-01-27T09:47:57.147426,2,2,2
2026-01-30T09:47:57.147430,1,1,1
2026-01-23T09:47:57.147435,5,2,2
2026-02-13T09:47:57.147439,13,2,1
2026-01-28T09:47:57.147444,4,4,2
2026-02-08T09:47:57.147448,10,1,2
2026-01-29T09:47:57.147452,2,3,3
2026-01-19T09:47:57.147457,16,1,2
2026-02-13T09:47:57.147461,3,4,3
2026-02-03T09:47:57.147465,7,1,1
2026-01-31T09:47:57.147469,17,4,2
2026-01-17T09:47:57.147473,20,4,1
2026-01-26T09:47:57.147478,13,4,1
2026-02-02T09:47:57.147482,11,3,2
2026-01-16T09:47:57.147486,8,2,1
2026-01-16T09:47:57.147491,7,4,1
2026-02-10T09:47:57.147495,9,4,1
2026-01-17T09:47:57.147499,4,5,2
2026-02-06T09:47:57.147504,7,5,3
2026-01-25T09:47:57.147508,11,4,3
2026-01-24T09:47:57.147513,2,4,1
2026-01-19T09:47:57.147517,2,1,3
2026-01-19T09:47:57.147522,13,1,2
2026-01-15T09:47:57.147526,9,5,1
2026-01-22T09:47:57.147531,18,5,3
2026-01-24T09:47:57.147536,3,5,3
2026-02-04T09:47:57.147540,11,4,2
2026-01-16T09:47:57.147545,8,5,2
2026-02-01T09:47:57.147549,7,4,2
2026-01-23T09:47:57.147553,3,4,2
2026-01-30T09:47:57.147558,3,2,3
2026-02-14T09:47:57.147562,8,1,1
2026-02-02T09:47:57.147567,5,5,2
2026-01-15T09:47:57.147571,10,4,2
2026-01-29T09:47:57.147575,18,4,1
2026-01-30T09:47:57.147580,1,5,3
2026-01-22T09:47:57.147584,3,2,2
2026-01-16T09:47:57.147588,14,2,1
2026-02-04T09:47:57.147593,7,1,2
2026-01-22T09:47:57.147597,6,4,1
2026-01-23T09:47:57.147601,20,3,3
2026-01-27T09:47:57.147606,3,2,2
2026-01-20T09:47:57.147610,5,2,2
2026-01-26T09:47:57.147614,18,4,2
2026-01-25T09:47:57.147619,1,5,2
2026-02-04T09:47:57.147623,2,4,1
2026-01-25T09:47:57.147628,19,2,1
2026-01-27T09:47:57.147632,16,2,2
2026-01-26T09:47:57.147636,16,2,2
2026-01-31T09:47:57.147640,8,2,2
2026-01-25T09:47:57.147645,8,3,1
2026-02-05T09:47:57.147650,14,4,3
2026-02-01T09:47:57.147654,10,5,1
2026-01-18T09:47:57.147659,12,4,1
2026-01-21T09:47:57.147663,1,1,2
2026-01-16T09:47:57.147667,5,1,3
2026-02-05T09:47:57.147672,3,5,3
2026-01-18T09:47:57.147676,11,1,3
2026-01-25T09:47:57.148875,17,4,1
2026-01-28T09:47:57.148910,6,5,3
2026-02-05T09:47:57.148916,16,5,3
2026-01-17T09:47:57.148920,3,5,2
2026-02-09T09:47:57.148925,13,4,3
2026-02-08T09:47:57.148931,13,1,1
2026-01-30T09:47:57.148935,2,5,2
2026-01-20T09:47:57.148939,16,2,3
2026-01-15T09:47:57.148944,14,2,1
2026-01-25T09:47:57.148949,17,1,2
2026-01-30T09:47:57.148953,5,4,1
2026-02-13T09:47:57.148957,16,4,1
2026-02-09T09:47:57.148962,9,5,1
2026-02-10T09:47:57.148966,19,4,2
2026-01-27T09:47:57.148971,5,2,2
2026-02-11T09:47:57.148975,19,5,1
2026-01-31T09:47:57.148979,20,4,1
2026-02-04T09:47:57.148984,4,4,3
2026-01-30T09:47:57.148989,9,2,1
2026-02-01T09:47:57.148993,3,3,1
2026-01-28T09:47:57.148998,20,4,1
2026-01-15T09:47:57.149004,16,1,1
2026-01-31T09:47:57.149008,4,4,2
2026-01-25T09:47:57.149013,5,3,2
2026-02-06T09:47:57.149017,6,3,2
2026-02-04T09:47:57.149023,14,5,3
2026-01-24T09:47:57.149027,4,4,1
2026-02-02T09:47:57.149032,18,1,3
2026-01-21T09:47:57.149036,12,2,1
2026-02-02T09:47:57.149041,16,1,2
2026-01-31T09:47:57.149046,8,4,2
2026-02-14T09:47:57.149050,17,1,2
2026-01-22T09:47:57.149055,15,3,1
2026-01-20T09:47:57.149060,7,1,2
2026-01-26T09:47:57.149065,8,4,1
2026-02-12T09:47:57.149068,8,1,3
2026-01-23T09:47:57.149073,11,5,3
2026-01-25T09:47:57.149077,6,2,1
2026-02-01T09:47:57.149081,12,4,3
2026-01-17T09:47:57.149085,3,4,2
2026-02-01T09:47:57.149089,1,5,1
2026-02-08T09:47:57.149109,6,5,2
2026-02-06T09:47:57.149118,11,4,1
2026-01-28T09:47:57.149123,15,2,3
2026-02-05T09:47:57.149128,14,1,1
2026-01-22T09:47:57.149132,5,1,1
2026-01-28T09:47:57.149137,10,4,3
2026-02-02T09:47:57.149141,16,1,3
2026-02-08T09:47:57.149146,6,1,2
2026-02-12T09:47:57.149150,13,3,1
2026-01-18T09:47:57.149154,3,3,1
2026-01-21T09:47:57.149159,15,4,3
2026-02-11T09:47:57.149163,2,1,3
2026-02-08T09:47:57.149168,14,2,3
2026-01-30T09:47:57.149173,14,3,2
2026-01-24T09:47:57.149177,13,5,2
2026-01-16T09:47:57.149182,4,4,1
2026-01-30T09:47:57.149186,13,1,2
2026-01-31T09:47:57.149191,20,5,1
2026-01-27T09:47:57.149196,13,4,3
2026-02-04T09:47:57.149200,16,1,3
2026-02-06T09:47:57.149204,11,4,1
2026-02-04T09:47:57.149208,7,4,2
2026-01-28T09:47:57.149216,2,4,3
2026-02-11T09:47:57.149220,15,3,1
2026-02-13T09:47:57.149226,2,1,2
2026-01-21T09:47:57.149231,10,5,3
2026-01-26T09:47:57.149235,7,2,2
2026-01-22T09:47:57.149239,13,1,1
2026-01-19T09:47:57.149244,20,1,2
2026-01-24T09:47:57.149248,13,1,3
2026-02-03T09:47:57.149252,17,1,3
2026-01-18T09:47:57.149256,5,4,2
2026-01-25T09:47:57.149261,1,3,3
2026-01-21T09:47:57.149266,19,5,3
2026-02-14T09:47:57.149270,8,4,3
2026-01-29T09:47:57.149275,17,3,1
2026-01-23T09:47:57.149282,8,1,3
2026-02-08T09:47:57.149286,12,2,2
2026-02-11T09:47:57.149291,12,3,3
2026-02-13T09:47:57.149295,11,4,3
2026-02-14T09:47:57.149300,18,4,3
2026-01-24T09:47:57.149304,17,1,1
2026-01-30T09:47:57.149309,8,2,2
2026-01-18T09:47:57.149313,14,3,3
2026-01-20T09:47:57.149318,8,4,2
2026-01-16T09:47:57.149322,12,5,1
2026-01-25T09:47:57.149327,1,1,2
2026-01-28T09:47:57.149331,18,2,3
2026-01-30T09:47:57.149336,14,1,3
2026-02-12T09:47:57.149340,17,2,1
2026-01-22T09:47:57.149345,17,4,3
2026-02-13T09:47:57.149349,19,5,2
2026-02-03T09:47:57.149354,6,5,2
2026-01-20T09:47:57.149358,11,1,3
2026-02-11T09:47:57.149363,15,5,1
2026-01-17T09:47:57.149367,3,4,1
2026-01-24T09:47:57.149372,7,5,3
2026-02-11T09:47:57.149375,9,5,2
2026-02-07T09:47:57.149379,14,5,2
2026-02-02T09:47:57.149384,9,3,3
2026-02-02T09:47:57.149388,1,4,2
2026-01-19T09:47:57.149392,7,2,3
2026-02-11T09:47:57.149397,15,2,1
2026-02-02T09:47:57.149402,14,5,3
2026-01-23T09:47:57.149407,20,5,1
2026-01-18T09:47:57.149411,15,4,2
2026-02-06T09:47:57.149415,9,5,1
2026-02-02T09:47:57.149420,5,2,1
2026-02-11T09:47:57.149424,9,1,1
2026-01-22T09:47:57.149429,3,1,1
2026-01-23T09:47:57.149433,9,1,1
2026-02-08T09:47:57.149437,12,1,1
2026-02-12T09:47:57.149441,17,4,2
2026-01-25T09:47:57.149445,11,4,2
2026-01-18T09:47:57.149450,16,2,3
2026-02-13T09:47:57.149455,16,2,1
2026-02-10T09:47:57.149459,10,4,3
2026-01-29T09:47:57.149464,14,4,3
2026-01-24T09:47:57.149468,15,4,3
2026-01-28T09:47:57.149473,3,3,1
2026-01-17T09:47:57.149477,20,5,2
2026-02-02T09:47:57.149481,1,4,2
2026-01-15T09:47:57.149486,9,4,2
2026-02-08T09:47:57.149490,4,1,2
2026-02-09T09:47:57.149495,1,4,2
2026-01-29T09:47:57.149500,3,3,1
2026-01-30T09:47:57.149504,12,1,1
2026-01-26T09:47:57.149509,18,5,1
2026-01-15T09:47:57.149513,12,3,2
2026-01-23T09:47:57.149518,4,2,2
2026-01-26T09:47:57.149522,15,4,1
2026-01-22T09:47:57.149527,5,5,2
2026-02-04T09:47:57.149531,1,2,3
2026-02-04T09:47:57.149536,13,2,1
2026-01-20T09:47:57.149540,20,4,2
2026-02-07T09:47:57.149545,11,3,3
2026-01-19T09:47:57.149549,4,1,1
2026-02-01T09:47:57.149554,4,1,1
2026-02-12T09:47:57.149558,17,4,3
2026-02-07T09:47:57.149563,17,3,1
2026-01-24T09:47:57.149568,5,5,3
2026-01-29T09:47:57.149572,11,1,2
2026-01-31T09:47:57.149577,7,4,1
2026-01-25T09:47:57.149581,8,3,1
2026-02-09T09:47:57.149586,7,5,3
2026-01-23T09:47:57.149590,19,4,1
2026-01-22T09:47:57.149595,2,5,1
2026-02-03T09:47:57.149599,4,5,1
2026-01-26T09:47:57.149604,2,1,3
2026-01-31T09:47:57.149609,12,3,3
2026-01-21T09:47:57.149613,2,2,1
2026-02-09T09:47:57.149617,1,2,3
2026-01-31T09:47:57.149622,4,4,3
2026-01-24T09:47:57.149626,5,3,2
2026-01-24T09:47:57.149631,18,4,3
2026-02-11T09:47:57.149635,2,1,3
2026-01-30T09:47:57.149640,5,5,2
2026-02-04T09:47:57.149644,7,1,3
2026-01-19T09:47:57.149649,18,2,2
2026-01-15T09:47:57.149653,13,3,3
2026-02-10T09:47:57.149658,16,3,1
2026-02-13T09:47:57.149662,2,5,2
2026-01-15T09:47:57.149667,8,4,1
2026-02-03T09:47:57.149671,7,5,3
2026-02-09T09:47:57.149675,20,4,1
2026-01-19T09:47:57.149681,7,5,1
2026-02-09T09:47:57.149685,19,5,3
2026-01-17T09:47:57.149689,13,4,1
2026-01-30T09:47:57.149693,4,5,2
2026-01-16T09:47:57.149697,4,1,3
2026-02-06T09:47:57.149702,13,1,2
2026-01-25T09:47:57.149706,2,1,1
2026-02-01T09:47:57.149712,4,2,1
2026-01-27T09:47:57.149716,17,2,2
2026-02-12T09:47:57.149720,8,2,1
2026-02-05T09:47:57.149724,3,4,2
2026-02-04T09:47:57.149729,6,4,2
2026-01-25T09:47:57.149733,11,4,2
2026-01-27T09:47:57.149738,18,3,3
2026-01-17T09:47:57.149743,5,5,3
2026-01-31T09:47:57.149747,15,2,1
2026-01-21T09:47:57.149751,14,1,3
2026-02-13T09:47:57.149755,13,4,2
2026-01-18T09:47:57.149759,2,1,3
2026-02-03T09:47:57.149764,18,4,3
2026-02-13T09:47:57.149769,12,2,2
2026-01-26T09:47:57.149773,4,1,1
2026-02-09T09:47:57.149778,6,4,3
2026-01-25T09:47:57.149783,20,4,3
2026-01-16T09:47:57.149788,8,3,2
2026-02-03T09:47:57.149793,13,1,3
2026-02-04T09:47:57.149797,8,1,1
2026-01-29T09:47:57.149801,16,2,2
2026-02-07T09:47:57.149805,2,3,2
2026-01-19T09:47:57.149810,7,2,1
2026-02-07T09:47:57.149814,16,5,1
2026-01-28T09:47:57.149819,11,3,2
2026-01-19T09:47:57.149824,15,5,1
2026-01-30T09:47:57.149828,1,2,1
2026-01-26T09:47:57.149833,19,1,2
2026-01-31T09:47:57.149838,2,1,3
2026-01-23T09:47:57.149842,6,2,2
2026-01-31T09:47:57.149847,19,3,3
2026-01-15T09:47:57.149852,20,2,2
2026-01-23T09:47:57.149856,11,3,1
2026-02-11T09:47:57.149861,19,3,2
2026-01-19T09:47:57.149865,19,5,1
2026-01-29T09:47:57.149870,6,4,2
2026-01-15T09:47:57.149874,19,1,2
2026-01-17T09:47:57.149879,7,5,2
2026-01-21T09:47:57.149883,11,2,2
2026-02-08T09:47:57.149888,9,4,2
2026-02-14T09:47:57.149892,7,4,3
2026-01-24T09:47:57.149897,11,3,2
2026-02-10T09:47:57.149901,1,3,3
2026-01-27T09:47:57.149906,8,2,3
2026-02-09T09:47:57.149911,6,1,3
2026-02-14T09:47:57.149915,16,3,3
2026-02-08T09:47:57.149919,17,5,3
2026-01-15T09:47:57.149924,18,2,1
2026-01-20T09:47:57.149929,12,2,1
2026-01-16T09:47:57.149933,18,4,2
2026-01-18T09:47:57.149938,5,4,1
2026-01-29T09:47:57.149943,7,2,2
2026-02-02T09:47:57.149947,14,1,2
2026-02-06T09:47:57.149952,11,1,3
2026-01-29T09:47:57.149956,20,4,2
2026-02-12T09:47:57.149961,11,1,1
2026-01-21T09:47:57.149966,18,2,2
2026-01-23T09:47:57.149970,16,5,3
2026-02-11T09:47:57.149975,5,4,3
2026-01-18T09:47:57.149979,12,1,1
2026-02-10T09:47:57.149984,7,5,3
2026-01-16T09:47:57.149989,1,5,2
2026-02-14T09:47:57.149993,8,4,2
2026-02-06T09:47:57.149998,19,4,3
2026-02-04T09:47:57.150002,16,1,3
2026-01-21T09:47:57.150007,15,3,3
2026-01-28T09:47:57.150011,20,2,2
2026-02-02T09:47:57.150028,16,5,2
2026-01-26T09:47:57.150038,12,3,2
2026-02-02T09:47:57.150043,10,4,1
2026-01-20T09:47:57.150049,10,4,1
2026-01-31T09:47:57.150054,19,4,2
2026-01-28T09:47:57.150975,2,3,3
2026-02-07T09:47:57.151008,14,1,3
2026-01-18T09:47:57.151014,8,1,2
2026-01-28T09:47:57.151019,2,4,3
2026-02-09T09:47:57.151023,1,2,1
2026-02-02T09:47:57.151028,12,5,1
2026-01-31T09:47:57.151033,2,4,1
2026-01-31T09:47:57.151037,3,5,3
2026-02-04T09:47:57.151042,20,2,1
2026-02-14T09:47:57.151046,8,1,1
2026-01-27T09:47:57.151050,17,5,2
2026-01-21T09:47:57.151055,12,4,1
2026-01-20T09:47:57.151060,11,5,2
2026-02-10T09:47:57.151065,13,2,2
2026-01-29T09:47:57.151069,15,3,1
2026-01-16T09:47:57.151074,3,2,2
2026-02-03T09:47:57.151079,5,1,1
2026-01-31T09:47:57.151083,1,4,3
2026-01-23T09:47:57.151088,4,3,2
2026-01-15T09:47:57.151093,8,1,2
2026-01-19T09:47:57.151098,8,3,2
2026-02-01T09:47:57.151102,4,3,1
2026-01-15T09:47:57.151106,12,3,3
2026-01-19T09:47:57.151111,20,5,2
2026-01-27T09:47:57.151115,20,3,3
2026-02-09T09:47:57.151120,17,3,1
2026-01-17T09:47:57.151124,19,1,3
2026-01-25T09:47:57.151128,2,2,3
2026-01-31T09:47:57.151133,13,5,2
2026-01-16T09:47:57.151137,4,5,2
2026-01-18T09:47:57.151142,20,3,1
2026-01-16T09:47:57.151147,6,1,1
2026-01-16T09:47:57.151151,2,2,1
2026-01-31T09:47:57.151156,1,5,2
2026-02-03T09:47:57.151161,11,3,2
2026-02-06T09:47:57.151165,19,2,1
2026-01-29T09:47:57.151170,2,2,2
2026-02-12T09:47:57.151175,10,2,1
2026-01-21T09:47:57.151180,18,5,3
2026-02-13T09:47:57.151185,18,5,2
2026-02-04T09:47:57.151190,12,4,3
2026-02-04T09:47:57.151209,18,4,1
2026-01-30T09:47:57.151217,6,3,3
2026-02-02T09:47:57.151222,17,5,2
2026-02-12T09:47:57.151227,9,3,2
2026-01-18T09:47:57.151230,14,5,2
2026-01-19T09:47:57.151235,19,5,3
2026-01-15T09:47:57.151240,8,3,2
2026-01-16T09:47:57.151244,9,3,2
2026-01-30T09:47:57.151249,8,5,1
2026-02-06T09:47:57.151254,15,1,1
2026-01-15T09:47:57.151258,17,1,3
2026-01-15T09:47:57.151263,6,1,3
2026-01-28T09:47:57.151269,9,1,2
2026-02-05T09:47:57.151273,11,5,3
2026-01-16T09:47:57.151278,20,2,1
2026-02-05T09:47:57.151281,12,1,2
2026-02-10T09:47:57.151285,5,5,1
2026-02-03T09:47:57.151290,16,1,3
2026-02-09T09:47:57.151294,15,4,1
2026-01-16T09:47:57.151299,9,3,1
2026-02-09T09:47:57.151303,9,4,2
2026-02-12T09:47:57.151308,19,1,1
2026-02-11T09:47:57.151312,3,2,2
2026-01-24T09:47:57.151316,15,4,2
2026-02-10T09:47:57.151322,12,5,2
2026-02-14T09:47:57.151327,12,4,1
2026-01-28T09:47:57.151331,13,3,2
2026-01-27T09:47:57.151336,3,3,2
2026-02-13T09:47:57.151340,5,1,2
2026-02-07T09:47:57.151345,10,3,1
2026-01-26T09:47:57.151349,1,3,1
2026-02-04T09:47:57.151354,9,2,2
2026-01-28T09:47:57.151359,12,4,3
2026-02-01T09:47:57.151363,7,5,3
2026-01-27T09:47:57.151368,16,3,2
2026-01-27T09:47:57.151372,18,5,1
2026-01-18T09:47:57.151378,8,4,1
2026-01-23T09:47:57.151383,12,5,3
2026-02-09T09:47:57.151388,17,3,1
2026-01-18T09:47:57.151392,10,4,3
2026-02-03T09:47:57.151397,5,2,2
2026-02-11T09:47:57.151401,6,5,2
2026-02-02T09:47:57.151405,12,4,1
2026-02-06T09:47:57.151410,18,2,3
2026-02-05T09:47:57.151414,6,2,3
2026-01-20T09:47:57.151420,10,2,3
2026-01-20T09:47:57.151425,7,5,2
2026-01-27T09:47:57.151430,2,4,2
2026-02-02T09:47:57.151436,14,1,3
2026-02-07T09:47:57.151442,5,5,1
2026-02-10T09:47:57.151446,17,4,1
2026-01-23T09:47:57.151451,15,2,2
2026-02-05T09:47:57.151456,12,2,2
2026-01-17T09:47:57.151460,8,3,3
2026-02-02T09:47:57.151465,11,2,1
2026-01-16T09:47:57.151469,18,4,1
2026-01-19T09:47:57.151474,3,2,3
2026-01-18T09:47:57.151478,15,3,2
2026-01-18T09:47:57.151482,14,4,1
2026-02-10T09:47:57.151487,8,1,2
2026-01-24T09:47:57.151491,17,5,1
2026-01-20T09:47:57.151495,16,3,2
2026-01-16T09:47:57.151499,19,2,3
2026-01-17T09:47:57.151504,9,1,1
2026-01-22T09:47:57.151509,16,2,3
2026-01-20T09:47:57.151513,18,2,1
2026-01-24T09:47:57.151517,18,3,2
2026-01-22T09:47:57.151522,4,4,2
2026-02-09T09:47:57.151526,19,4,1
2026-01-21T09:47:57.151531,20,2,3
2026-02-14T09:47:57.151535,3,1,1
2026-01-24T09:47:57.151540,6,5,2
2026-01-17T09:47:57.151544,17,3,1
2026-02-05T09:47:57.151548,3,2,3
2026-02-05T09:47:57.151553,18,4,1
2026-02-07T09:47:57.151557,3,4,3
2026-01-22T09:47:57.151562,10,4,2
2026-01-22T09:47:57.151566,16,4,2
2026-02-11T09:47:57.151570,2,1,1
2026-01-19T09:47:57.151574,17,4,1
2026-02-13T09:47:57.151579,8,4,3
2026-01-30T09:47:57.151583,20,4,2
2026-02-06T09:47:57.151588,6,2,1
2026-01-15T09:47:57.151592,10,1,2
2026-01-23T09:47:57.151596,17,1,1
2026-01-18T09:47:57.151601,8,4,2
2026-02-05T09:47:57.151606,10,5,2
2026-01-15T09:47:57.151610,2,2,1
2026-02-03T09:47:57.151615,13,2,1
2026-01-19T09:47:57.151619,18,5,1
2026-02-04T09:47:57.151623,5,4,3
2026-02-11T09:47:57.151628,12,3,1
2026-01-21T09:47:57.151632,9,2,3
2026-02-09T09:47:57.151637,17,1,1
2026-02-06T09:47:57.151641,16,3,1
2026-02-09T09:47:57.151645,9,5,2
2026-01-25T09:47:57.151650,15,1,1
2026-02-02T09:47:57.151654,9,5,1
2026-02-02T09:47:57.151659,17,3,3
2026-02-12T09:47:57.151663,20,1,1
2026-01-21T09:47:57.151668,3,4,3
2026-02-07T09:47:57.151672,11,1,2
2026-02-09T09:47:57.151677,17,5,1
2026-01-29T09:47:57.151681,11,5,1
2026-02-06T09:47:57.151685,5,3,2
2026-02-05T09:47:57.151689,3,4,3
2026-01-30T09:47:57.151694,5,3,2
2026-02-10T09:47:57.151698,8,1,2
2026-01-22T09:47:57.151703,10,2,3
2026-02-01T09:47:57.151707,14,1,2
2026-02-10T09:47:57.151712,1,2,1
2026-02-01T09:47:57.151717,8,3,2
2026-02-12T09:47:57.151721,2,5,3
2026-02-09T09:47:57.151726,15,1,3
2026-02-11T09:47:57.151730,8,4,1
2026-02-11T09:47:57.151735,14,2,3
2026-02-06T09:47:57.151739,11,3,2
2026-01-26T09:47:57.151743,18,3,2
2026-01-26T09:47:57.151748,18,4,1
2026-01-20T09:47:57.151753,16,1,3
2026-01-20T09:47:57.151757,11,5,3
2026-02-06T09:47:57.151761,12,2,1
2026-01-30T09:47:57.151765,8,4,2
2026-01-20T09:47:57.151770,17,2,3
2026-02-03T09:47:57.151775,3,2,3
2026-02-08T09:47:57.151780,6,3,2
2026-02-05T09:47:57.151785,6,4,3
2026-01-20T09:47:57.151789,19,5,2
2026-01-21T09:47:57.151794,15,1,2
2026-01-28T09:47:57.151798,1,2,1
2026-02-13T09:47:57.151802,4,1,2
2026-01-16T09:47:57.151807,11,5,2
2026-02-07T09:47:57.151811,5,1,3
2026-01-15T09:47:57.151816,2,3,3
2026-01-15T09:47:57.151820,6,5,2
2026-01-15T09:47:57.151825,11,1,3
2026-02-13T09:47:57.151830,1,4,3
2026-01-22T09:47:57.151834,6,4,2
2026-01-22T09:47:57.151839,5,4,1
2026-01-16T09:47:57.151844,12,3,2
2026-02-10T09:47:57.151848,6,2,1
2026-01-28T09:47:57.151852,15,1,2
2026-02-03T09:47:57.151856,9,2,3
2026-02-08T09:47:57.151861,19,5,1
2026-01-23T09:47:57.151865,6,2,2
2026-02-13T09:47:57.151869,17,1,3
2026-01-21T09:47:57.151874,18,5,2
2026-01-25T09:47:57.151879,5,1,2
2026-02-10T09:47:57.151883,7,1,1
2026-01-26T09:47:57.151888,18,3,2
2026-01-26T09:47:57.151892,11,2,1
2026-01-23T09:47:57.151896,17,2,1
2026-02-06T09:47:57.151900,10,3,3
2026-01-25T09:47:57.151905,13,1,3
2026-02-13T09:47:57.151909,9,4,1
2026-01-20T09:47:57.151914,3,3,3
2026-01-29T09:47:57.151918,3,3,2
2026-01-19T09:47:57.151923,6,2,2
2026-01-22T09:47:57.151928,3,5,2
2026-01-20T09:47:57.151933,1,5,3
2026-01-26T09:47:57.151937,18,3,1
2026-02-12T09:47:57.151942,11,1,3
2026-01-20T09:47:57.151947,18,1,2
2026-01-27T09:47:57.151951,8,1,3
2026-02-02T09:47:57.151956,5,2,2
2026-02-06T09:47:57.151960,3,4,3
2026-02-13T09:47:57.151965,19,4,2
2026-01-25T09:47:57.151969,18,3,2
2026-02-10T09:47:57.151974,7,2,1
2026-01-30T09:47:57.151978,4,3,2
2026-01-21T09:47:57.151983,17,1,1
2026-02-14T09:47:57.151987,9,1,3
2026-01-16T09:47:57.151992,11,5,3
2026-01-21T09:47:57.151996,8,4,1
2026-01-30T09:47:57.152001,15,1,3
2026-02-01T09:47:57.152005,6,1,3
2026-02-07T09:47:57.152010,10,3,2
2026-02-10T09:47:57.152014,20,3,2
2026-01-21T09:47:57.152019,8,5,3
2026-01-20T09:47:57.152023,1,3,1
2026-01-24T09:47:57.152028,12,5,1
2026-02-03T09:47:57.152032,8,3,1
2026-01-21T09:47:57.152036,13,1,1
2026-01-18T09:47:57.152040,9,2,2
2026-01-16T09:47:57.152045,1,5,2
2026-02-01T09:47:57.152049,17,5,3
2026-01-19T09:47:57.152053,18,4,1
2026-02-09T09:47:57.152058,18,3,2
2026-02-09T09:47:57.152062,4,5,3
2026-02-09T09:47:57.152066,7,1,1
2026-02-13T09:47:57.152071,14,2,2
2026-01-18T09:47:57.152075,20,1,3
2026-02-13T09:47:57.152080,5,1,2
2026-01-30T09:47:57.152085,16,1,2
2026-01-30T09:47:57.152090,13,3,1
2026-02-07T09:47:57.152094,13,2,2
2026-02-08T09:47:57.152098,10,1,2
2026-02-04T09:47:57.152103,16,4,3
2026-02-14T09:47:57.152107,11,5,2
2026-02-02T09:47:57.152112,3,2,2
2026-01-17T09:47:57.152116,7,5,2
2026-01-21T09:47:57.152120,13,5,2
2026-01-30T09:47:57.152125,18,4,2
2026-02-10T09:47:57.152130,12,4,1
2026-01-22T09:47:57.152949,2,5,3
2026-01-28T09:47:57.152985,17,3,3
2026-02-07T09:47:57.152991,9,4,3
2026-01-21T09:47:57.152995,20,3,1
2026-02-06T09:47:57.152999,6,1,1
2026-01-24T09:47:57.153003,17,3,3
2026-01-26T09:47:57.153008,10,4,3
2026-01-22T09:47:57.153012,8,1,1
2026-02-02T09:47:57.153017,20,2,1
2026-01-31T09:47:57.153021,11,3,1
2026-02-09T09:47:57.153025,16,4,1
2026-01-30T09:47:57.153029,9,2,2
2026-02-03T09:47:57.153034,14,1,3
2026-01-19T09:47:57.153038,11,3,2
2026-01-24T09:47:57.153042,18,4,2
2026-02-07T09:47:57.153046,13,1,3
2026-02-11T09:47:57.153050,3,4,2
2026-01-20T09:47:57.153054,10,4,3
2026-02-04T09:47:57.153059,16,5,1
2026-02-04T09:47:57.153063,13,3,1
2026-01-23T09:47:57.153068,1,2,2
